build/app/intermediates/manifest_merge_blame_file/debug/manifest-merger-blame-debug-report.txt
1<?xml version="1.0" encoding="utf-8"?>
2<manifest xmlns:android="http://schemas.android.com/apk/res/android"
3    package="com.example.flutter_application_2"
4    android:versionCode="1"
5    android:versionName="0.1.0" >
6
7    <uses-sdk
8        android:minSdkVersion="21"
9        android:targetSdkVersion="33" />
10    <!--
11         The INTERNET permission is required for development. Specifically,
12         the Flutter tool needs it to communicate with the running application
13         to allow setting breakpoints, to provide hot reload, etc.
14    -->
15    <uses-permission android:name="android.permission.INTERNET" />
15-->src\main\AndroidManifest.xml:2:5-67
15-->src\main\AndroidManifest.xml:2:22-64
16    <uses-permission android:name="android.permission.ACCESS_NETWORK_STATE" />
16-->[:firebase_analytics] AndroidManifest.xml:9:5-79
16-->[:firebase_analytics] AndroidManifest.xml:9:22-76
17    <uses-permission android:name="android.permission.WAKE_LOCK" />
17-->[:firebase_analytics] AndroidManifest.xml:11:5-68
17-->[:firebase_analytics] AndroidManifest.xml:11:22-65
18    <uses-permission android:name="com.google.android.gms.permission.AD_ID" />
18-->[com.google.android.gms:play-services-measurement-api:21.5.0] AndroidManifest.xml:25:5-79
18-->[com.google.android.gms:play-services-measurement-api:21.5.0] AndroidManifest.xml:25:22-76
19    <uses-permission android:name="android.permission.ACCESS_ADSERVICES_ATTRIBUTION" />
19-->[com.google.android.gms:play-services-measurement-api:21.5.0] AndroidManifest.xml:26:5-88
19-->[com.google.android.gms:play-services-measurement-api:21.5.0] AndroidManifest.xml:26:22-85
20    <uses-permission android:name="android.permission.ACCESS_ADSERVICES_AD_ID" />
20-->[com.google.android.gms:play-services-measurement-api:21.5.0] AndroidManifest.xml:27:5-82
20-->[com.google.android.gms:play-services-measurement-api:21.5.0] AndroidManifest.xml:27:22-79
21
22    <queries>
22-->[com.facebook.android:facebook-common:16.2.0] AndroidManifest.xml:17:5-19:15
23        <package android:name="com.facebook.katana" />
23-->[com.facebook.android:facebook-common:16.2.0] AndroidManifest.xml:18:9-55
23-->[com.facebook.android:facebook-common:16.2.0] AndroidManifest.xml:18:18-52
24    </queries>
25
26    <uses-permission android:name="com.google.android.finsky.permission.BIND_GET_INSTALL_REFERRER_SERVICE" />
26-->[com.google.android.gms:play-services-measurement:21.5.0] AndroidManifest.xml:26:5-110
26-->[com.google.android.gms:play-services-measurement:21.5.0] AndroidManifest.xml:26:22-107
27
28    <permission
28-->[androidx.core:core:1.9.0] AndroidManifest.xml:22:5-24:47
29        android:name="com.example.flutter_application_2.DYNAMIC_RECEIVER_NOT_EXPORTED_PERMISSION"
29-->[androidx.core:core:1.9.0] AndroidManifest.xml:23:9-81
30        android:protectionLevel="signature" />
30-->[androidx.core:core:1.9.0] AndroidManifest.xml:24:9-44
31
32    <uses-permission android:name="com.example.flutter_application_2.DYNAMIC_RECEIVER_NOT_EXPORTED_PERMISSION" />
32-->[androidx.core:core:1.9.0] AndroidManifest.xml:26:5-97
32-->[androidx.core:core:1.9.0] AndroidManifest.xml:26:22-94
33
34    <application
35        android:name="android.app.Application"
36        android:appComponentFactory="androidx.core.app.CoreComponentFactory"
36-->[androidx.core:core:1.9.0] AndroidManifest.xml:28:18-86
37        android:debuggable="true"
38        android:icon="@mipmap/ic_launcher"
39        android:label="flutter_application_2"
40        android:supportsRtl="true" >
40-->[com.facebook.android:facebook-login:16.2.0] AndroidManifest.xml:16:18-44
41        <meta-data
42            android:name="com.facebook.sdk.ApplicationId"
43            android:value="@string/facebook_app_id" />
44
45        <activity
46            android:name="com.facebook.FacebookActivity"
47            android:configChanges="keyboard|keyboardHidden|screenLayout|screenSize|orientation"
48            android:label="@string/app_name"
49            android:theme="@style/com_facebook_activity_theme" />
49-->[com.facebook.android:facebook-common:16.2.0] AndroidManifest.xml:25:13-63
50        <activity
51            android:name="com.facebook.CustomTabActivity"
52            android:exported="true" >
53            <intent-filter>
54                <action android:name="android.intent.action.VIEW" />
54-->[com.google.firebase:firebase-auth:22.2.0] AndroidManifest.xml:36:17-69
54-->[com.google.firebase:firebase-auth:22.2.0] AndroidManifest.xml:36:25-66
55
56                <category android:name="android.intent.category.DEFAULT" />
56-->[com.google.firebase:firebase-auth:22.2.0] AndroidManifest.xml:38:17-76
56-->[com.google.firebase:firebase-auth:22.2.0] AndroidManifest.xml:38:27-73
57                <category android:name="android.intent.category.BROWSABLE" />
57-->[com.google.firebase:firebase-auth:22.2.0] AndroidManifest.xml:39:17-78
57-->[com.google.firebase:firebase-auth:22.2.0] AndroidManifest.xml:39:27-75
58
59                <data android:scheme="@string/fb_login_protocol_scheme" />
59-->[com.google.firebase:firebase-auth:22.2.0] AndroidManifest.xml:41:17-44:51
59-->[com.google.firebase:firebase-auth:22.2.0] AndroidManifest.xml:44:21-48
60            </intent-filter>
61            <intent-filter>
61-->[com.facebook.android:facebook-common:16.2.0] AndroidManifest.xml:31:13-40:29
62                <action android:name="android.intent.action.VIEW" />
62-->[com.google.firebase:firebase-auth:22.2.0] AndroidManifest.xml:36:17-69
62-->[com.google.firebase:firebase-auth:22.2.0] AndroidManifest.xml:36:25-66
63
64                <category android:name="android.intent.category.DEFAULT" />
64-->[com.google.firebase:firebase-auth:22.2.0] AndroidManifest.xml:38:17-76
64-->[com.google.firebase:firebase-auth:22.2.0] AndroidManifest.xml:38:27-73
65                <category android:name="android.intent.category.BROWSABLE" />
65-->[com.google.firebase:firebase-auth:22.2.0] AndroidManifest.xml:39:17-78
65-->[com.google.firebase:firebase-auth:22.2.0] AndroidManifest.xml:39:27-75
66
67                <data
67-->[com.google.firebase:firebase-auth:22.2.0] AndroidManifest.xml:41:17-44:51
68                    android:host="cct.com.example.flutter_application_2"
68-->[com.google.firebase:firebase-auth:22.2.0] AndroidManifest.xml:42:21-49
69                    android:scheme="fbconnect" />
69-->[com.google.firebase:firebase-auth:22.2.0] AndroidManifest.xml:44:21-48
70            </intent-filter>
71        </activity>
72        <activity
73            android:name="com.example.flutter_application_2.MainActivity"
74            android:configChanges="orientation|keyboardHidden|keyboard|screenSize|smallestScreenSize|locale|layoutDirection|fontScale|screenLayout|density|uiMode"
75            android:exported="true"
76            android:hardwareAccelerated="true"
77            android:launchMode="singleTop"
78            android:theme="@style/LaunchTheme"
79            android:windowSoftInputMode="adjustResize" >
80
81            <!--
82                 Specifies an Android theme to apply to this Activity as soon as
83                 the Android process has started. This theme is visible to the user
84                 while the Flutter UI initializes. After that, this theme continues
85                 to determine the Window background behind the Flutter UI.
86            -->
87            <meta-data
88                android:name="io.flutter.embedding.android.NormalTheme"
89                android:resource="@style/NormalTheme" />
90
91            <intent-filter>
92                <action android:name="android.intent.action.MAIN" />
93
94                <category android:name="android.intent.category.LAUNCHER" />
95            </intent-filter>
96        </activity>
97        <!--
98             Don't delete the meta-data below.
99             This is used by the Flutter tool to generate GeneratedPluginRegistrant.java
100        -->
101        <meta-data
102            android:name="flutterEmbedding"
103            android:value="2" />
104        <meta-data
105            android:name="com.facebook.sdk.ApplicationId"
106            android:value="@string/facebook_app_id" />
107        <meta-data
108            android:name="com.facebook.sdk.ClientToken"
109            android:value="@string/facebook_client_token" />
110
111        <service
111-->[:firebase_analytics] AndroidManifest.xml:14:9-18:19
112            android:name="com.google.firebase.components.ComponentDiscoveryService"
112-->[:firebase_analytics] AndroidManifest.xml:14:18-89
113            android:directBootAware="true"
113-->[com.google.firebase:firebase-common:20.4.2] AndroidManifest.xml:32:13-43
114            android:exported="false" >
114-->[com.google.firebase:firebase-auth:22.2.0] AndroidManifest.xml:68:13-37
115            <meta-data
115-->[:firebase_analytics] AndroidManifest.xml:15:13-17:85
116                android:name="com.google.firebase.components:io.flutter.plugins.firebase.analytics.FlutterFirebaseAppRegistrar"
116-->[:firebase_analytics] AndroidManifest.xml:16:17-128
117                android:value="com.google.firebase.components.ComponentRegistrar" />
117-->[:firebase_analytics] AndroidManifest.xml:17:17-82
118            <meta-data
118-->[:firebase_auth] AndroidManifest.xml:11:13-13:85
119                android:name="com.google.firebase.components:io.flutter.plugins.firebase.auth.FlutterFirebaseAuthRegistrar"
119-->[:firebase_auth] AndroidManifest.xml:12:17-124
120                android:value="com.google.firebase.components.ComponentRegistrar" />
120-->[:firebase_auth] AndroidManifest.xml:13:17-82
121            <meta-data
121-->[:firebase_core] AndroidManifest.xml:11:13-13:85
122                android:name="com.google.firebase.components:io.flutter.plugins.firebase.core.FlutterFirebaseCoreRegistrar"
122-->[:firebase_core] AndroidManifest.xml:12:17-124
123                android:value="com.google.firebase.components.ComponentRegistrar" />
123-->[:firebase_core] AndroidManifest.xml:13:17-82
124            <meta-data
124-->[com.google.firebase:firebase-auth:22.2.0] AndroidManifest.xml:69:13-71:85
125                android:name="com.google.firebase.components:com.google.firebase.auth.FirebaseAuthRegistrar"
125-->[com.google.firebase:firebase-auth:22.2.0] AndroidManifest.xml:70:17-109
126                android:value="com.google.firebase.components.ComponentRegistrar" />
126-->[com.google.firebase:firebase-auth:22.2.0] AndroidManifest.xml:71:17-82
127            <meta-data
127-->[com.google.android.gms:play-services-measurement-api:21.5.0] AndroidManifest.xml:37:13-39:85
128                android:name="com.google.firebase.components:com.google.firebase.analytics.connector.internal.AnalyticsConnectorRegistrar"
128-->[com.google.android.gms:play-services-measurement-api:21.5.0] AndroidManifest.xml:38:17-139
129                android:value="com.google.firebase.components.ComponentRegistrar" />
129-->[com.google.android.gms:play-services-measurement-api:21.5.0] AndroidManifest.xml:39:17-82
130            <meta-data
130-->[com.google.firebase:firebase-installations:17.2.0] AndroidManifest.xml:15:13-17:85
131                android:name="com.google.firebase.components:com.google.firebase.installations.FirebaseInstallationsKtxRegistrar"
131-->[com.google.firebase:firebase-installations:17.2.0] AndroidManifest.xml:16:17-130
132                android:value="com.google.firebase.components.ComponentRegistrar" />
132-->[com.google.firebase:firebase-installations:17.2.0] AndroidManifest.xml:17:17-82
133            <meta-data
133-->[com.google.firebase:firebase-installations:17.2.0] AndroidManifest.xml:18:13-20:85
134                android:name="com.google.firebase.components:com.google.firebase.installations.FirebaseInstallationsRegistrar"
134-->[com.google.firebase:firebase-installations:17.2.0] AndroidManifest.xml:19:17-127
135                android:value="com.google.firebase.components.ComponentRegistrar" />
135-->[com.google.firebase:firebase-installations:17.2.0] AndroidManifest.xml:20:17-82
136            <meta-data
136-->[com.google.firebase:firebase-common-ktx:20.4.2] AndroidManifest.xml:12:13-14:85
137                android:name="com.google.firebase.components:com.google.firebase.ktx.FirebaseCommonLegacyRegistrar"
137-->[com.google.firebase:firebase-common-ktx:20.4.2] AndroidManifest.xml:13:17-116
138                android:value="com.google.firebase.components.ComponentRegistrar" />
138-->[com.google.firebase:firebase-common-ktx:20.4.2] AndroidManifest.xml:14:17-82
139            <meta-data
139-->[com.google.firebase:firebase-common:20.4.2] AndroidManifest.xml:35:13-37:85
140                android:name="com.google.firebase.components:com.google.firebase.FirebaseCommonKtxRegistrar"
140-->[com.google.firebase:firebase-common:20.4.2] AndroidManifest.xml:36:17-109
141                android:value="com.google.firebase.components.ComponentRegistrar" />
141-->[com.google.firebase:firebase-common:20.4.2] AndroidManifest.xml:37:17-82
142        </service>
143
144        <activity
144-->[com.google.firebase:firebase-auth:22.2.0] AndroidManifest.xml:29:9-46:20
145            android:name="com.google.firebase.auth.internal.GenericIdpActivity"
145-->[com.google.firebase:firebase-auth:22.2.0] AndroidManifest.xml:30:13-80
146            android:excludeFromRecents="true"
146-->[com.google.firebase:firebase-auth:22.2.0] AndroidManifest.xml:31:13-46
147            android:exported="true"
147-->[com.google.firebase:firebase-auth:22.2.0] AndroidManifest.xml:32:13-36
148            android:launchMode="singleTask"
148-->[com.google.firebase:firebase-auth:22.2.0] AndroidManifest.xml:33:13-44
149            android:theme="@android:style/Theme.Translucent.NoTitleBar" >
149-->[com.google.firebase:firebase-auth:22.2.0] AndroidManifest.xml:34:13-72
150            <intent-filter>
150-->[com.google.firebase:firebase-auth:22.2.0] AndroidManifest.xml:35:13-45:29
151                <action android:name="android.intent.action.VIEW" />
151-->[com.google.firebase:firebase-auth:22.2.0] AndroidManifest.xml:36:17-69
151-->[com.google.firebase:firebase-auth:22.2.0] AndroidManifest.xml:36:25-66
152
153                <category android:name="android.intent.category.DEFAULT" />
153-->[com.google.firebase:firebase-auth:22.2.0] AndroidManifest.xml:38:17-76
153-->[com.google.firebase:firebase-auth:22.2.0] AndroidManifest.xml:38:27-73
154                <category android:name="android.intent.category.BROWSABLE" />
154-->[com.google.firebase:firebase-auth:22.2.0] AndroidManifest.xml:39:17-78
154-->[com.google.firebase:firebase-auth:22.2.0] AndroidManifest.xml:39:27-75
155
156                <data
156-->[com.google.firebase:firebase-auth:22.2.0] AndroidManifest.xml:41:17-44:51
157                    android:host="firebase.auth"
157-->[com.google.firebase:firebase-auth:22.2.0] AndroidManifest.xml:42:21-49
158                    android:path="/"
158-->[com.google.firebase:firebase-auth:22.2.0] AndroidManifest.xml:43:21-37
159                    android:scheme="genericidp" />
159-->[com.google.firebase:firebase-auth:22.2.0] AndroidManifest.xml:44:21-48
160            </intent-filter>
161        </activity>
162        <activity
162-->[com.google.firebase:firebase-auth:22.2.0] AndroidManifest.xml:47:9-64:20
163            android:name="com.google.firebase.auth.internal.RecaptchaActivity"
163-->[com.google.firebase:firebase-auth:22.2.0] AndroidManifest.xml:48:13-79
164            android:excludeFromRecents="true"
164-->[com.google.firebase:firebase-auth:22.2.0] AndroidManifest.xml:49:13-46
165            android:exported="true"
165-->[com.google.firebase:firebase-auth:22.2.0] AndroidManifest.xml:50:13-36
166            android:launchMode="singleTask"
166-->[com.google.firebase:firebase-auth:22.2.0] AndroidManifest.xml:51:13-44
167            android:theme="@android:style/Theme.Translucent.NoTitleBar" >
167-->[com.google.firebase:firebase-auth:22.2.0] AndroidManifest.xml:52:13-72
168            <intent-filter>
168-->[com.google.firebase:firebase-auth:22.2.0] AndroidManifest.xml:53:13-63:29
169                <action android:name="android.intent.action.VIEW" />
169-->[com.google.firebase:firebase-auth:22.2.0] AndroidManifest.xml:36:17-69
169-->[com.google.firebase:firebase-auth:22.2.0] AndroidManifest.xml:36:25-66
170
171                <category android:name="android.intent.category.DEFAULT" />
171-->[com.google.firebase:firebase-auth:22.2.0] AndroidManifest.xml:38:17-76
171-->[com.google.firebase:firebase-auth:22.2.0] AndroidManifest.xml:38:27-73
172                <category android:name="android.intent.category.BROWSABLE" />
172-->[com.google.firebase:firebase-auth:22.2.0] AndroidManifest.xml:39:17-78
172-->[com.google.firebase:firebase-auth:22.2.0] AndroidManifest.xml:39:27-75
173
174                <data
174-->[com.google.firebase:firebase-auth:22.2.0] AndroidManifest.xml:41:17-44:51
175                    android:host="firebase.auth"
175-->[com.google.firebase:firebase-auth:22.2.0] AndroidManifest.xml:42:21-49
176                    android:path="/"
176-->[com.google.firebase:firebase-auth:22.2.0] AndroidManifest.xml:43:21-37
177                    android:scheme="recaptcha" />
177-->[com.google.firebase:firebase-auth:22.2.0] AndroidManifest.xml:44:21-48
178            </intent-filter>
179        </activity>
180
181        <property
181-->[com.google.android.gms:play-services-measurement-api:21.5.0] AndroidManifest.xml:30:9-32:61
182            android:name="android.adservices.AD_SERVICES_CONFIG"
182-->[com.google.android.gms:play-services-measurement-api:21.5.0] AndroidManifest.xml:31:13-65
183            android:resource="@xml/ga_ad_services_config" />
183-->[com.google.android.gms:play-services-measurement-api:21.5.0] AndroidManifest.xml:32:13-58
184
185        <provider
185-->[com.google.firebase:firebase-common:20.4.2] AndroidManifest.xml:23:9-28:39
186            android:name="com.google.firebase.provider.FirebaseInitProvider"
186-->[com.google.firebase:firebase-common:20.4.2] AndroidManifest.xml:24:13-77
187            android:authorities="com.example.flutter_application_2.firebaseinitprovider"
187-->[com.google.firebase:firebase-common:20.4.2] AndroidManifest.xml:25:13-72
188            android:directBootAware="true"
188-->[com.google.firebase:firebase-common:20.4.2] AndroidManifest.xml:26:13-43
189            android:exported="false"
189-->[com.google.firebase:firebase-common:20.4.2] AndroidManifest.xml:27:13-37
190            android:initOrder="100" />
190-->[com.google.firebase:firebase-common:20.4.2] AndroidManifest.xml:28:13-36
191
192        <activity android:name="com.facebook.CustomTabMainActivity" />
192-->[com.facebook.android:facebook-common:16.2.0] AndroidManifest.xml:26:9-71
192-->[com.facebook.android:facebook-common:16.2.0] AndroidManifest.xml:26:19-68
193        <!--
194         The initialization ContentProvider will call FacebookSdk.sdkInitialize automatically
195         with the application context. This config is merged in with the host app's manifest,
196         but there can only be one provider with the same authority activated at any given
197         point; so if the end user has two or more different apps that use Facebook SDK, only the
198         first one will be able to use the provider. To work around this problem, we use the
199         following placeholder in the authority to identify each host application as if it was
200         a completely different provider.
201        -->
202        <provider
202-->[com.facebook.android:facebook-core:16.2.0] AndroidManifest.xml:29:9-32:40
203            android:name="com.facebook.internal.FacebookInitProvider"
203-->[com.facebook.android:facebook-core:16.2.0] AndroidManifest.xml:30:13-70
204            android:authorities="com.example.flutter_application_2.FacebookInitProvider"
204-->[com.facebook.android:facebook-core:16.2.0] AndroidManifest.xml:31:13-72
205            android:exported="false" />
205-->[com.facebook.android:facebook-core:16.2.0] AndroidManifest.xml:32:13-37
206
207        <receiver
207-->[com.facebook.android:facebook-core:16.2.0] AndroidManifest.xml:34:9-40:20
208            android:name="com.facebook.CurrentAccessTokenExpirationBroadcastReceiver"
208-->[com.facebook.android:facebook-core:16.2.0] AndroidManifest.xml:35:13-86
209            android:exported="false" >
209-->[com.facebook.android:facebook-core:16.2.0] AndroidManifest.xml:36:13-37
210            <intent-filter>
210-->[com.facebook.android:facebook-core:16.2.0] AndroidManifest.xml:37:13-39:29
211                <action android:name="com.facebook.sdk.ACTION_CURRENT_ACCESS_TOKEN_CHANGED" />
211-->[com.facebook.android:facebook-core:16.2.0] AndroidManifest.xml:38:17-95
211-->[com.facebook.android:facebook-core:16.2.0] AndroidManifest.xml:38:25-92
212            </intent-filter>
213        </receiver>
214        <receiver
214-->[com.facebook.android:facebook-core:16.2.0] AndroidManifest.xml:41:9-47:20
215            android:name="com.facebook.AuthenticationTokenManager$CurrentAuthenticationTokenChangedBroadcastReceiver"
215-->[com.facebook.android:facebook-core:16.2.0] AndroidManifest.xml:42:13-118
216            android:exported="false" >
216-->[com.facebook.android:facebook-core:16.2.0] AndroidManifest.xml:43:13-37
217            <intent-filter>
217-->[com.facebook.android:facebook-core:16.2.0] AndroidManifest.xml:44:13-46:29
218                <action android:name="com.facebook.sdk.ACTION_CURRENT_AUTHENTICATION_TOKEN_CHANGED" />
218-->[com.facebook.android:facebook-core:16.2.0] AndroidManifest.xml:45:17-103
218-->[com.facebook.android:facebook-core:16.2.0] AndroidManifest.xml:45:25-100
219            </intent-filter>
220        </receiver>
221        <receiver
221-->[com.google.android.gms:play-services-measurement:21.5.0] AndroidManifest.xml:29:9-33:20
222            android:name="com.google.android.gms.measurement.AppMeasurementReceiver"
222-->[com.google.android.gms:play-services-measurement:21.5.0] AndroidManifest.xml:30:13-85
223            android:enabled="true"
223-->[com.google.android.gms:play-services-measurement:21.5.0] AndroidManifest.xml:31:13-35
224            android:exported="false" >
224-->[com.google.android.gms:play-services-measurement:21.5.0] AndroidManifest.xml:32:13-37
225        </receiver>
226
227        <service
227-->[com.google.android.gms:play-services-measurement:21.5.0] AndroidManifest.xml:35:9-38:40
228            android:name="com.google.android.gms.measurement.AppMeasurementService"
228-->[com.google.android.gms:play-services-measurement:21.5.0] AndroidManifest.xml:36:13-84
229            android:enabled="true"
229-->[com.google.android.gms:play-services-measurement:21.5.0] AndroidManifest.xml:37:13-35
230            android:exported="false" />
230-->[com.google.android.gms:play-services-measurement:21.5.0] AndroidManifest.xml:38:13-37
231        <service
231-->[com.google.android.gms:play-services-measurement:21.5.0] AndroidManifest.xml:39:9-43:72
232            android:name="com.google.android.gms.measurement.AppMeasurementJobService"
232-->[com.google.android.gms:play-services-measurement:21.5.0] AndroidManifest.xml:40:13-87
233            android:enabled="true"
233-->[com.google.android.gms:play-services-measurement:21.5.0] AndroidManifest.xml:41:13-35
234            android:exported="false"
234-->[com.google.android.gms:play-services-measurement:21.5.0] AndroidManifest.xml:42:13-37
235            android:permission="android.permission.BIND_JOB_SERVICE" />
235-->[com.google.android.gms:play-services-measurement:21.5.0] AndroidManifest.xml:43:13-69
236
237        <activity
237-->[com.google.android.gms:play-services-base:18.0.1] AndroidManifest.xml:20:9-22:45
238            android:name="com.google.android.gms.common.api.GoogleApiActivity"
238-->[com.google.android.gms:play-services-base:18.0.1] AndroidManifest.xml:20:19-85
239            android:exported="false"
239-->[com.google.android.gms:play-services-base:18.0.1] AndroidManifest.xml:22:19-43
240            android:theme="@android:style/Theme.Translucent.NoTitleBar" />
240-->[com.google.android.gms:play-services-base:18.0.1] AndroidManifest.xml:21:19-78
241
242        <uses-library
242-->[androidx.privacysandbox.ads:ads-adservices:1.0.0-beta05] AndroidManifest.xml:23:9-25:40
243            android:name="android.ext.adservices"
243-->[androidx.privacysandbox.ads:ads-adservices:1.0.0-beta05] AndroidManifest.xml:24:13-50
244            android:required="false" />
244-->[androidx.privacysandbox.ads:ads-adservices:1.0.0-beta05] AndroidManifest.xml:25:13-37
245        <uses-library
245-->[androidx.window:window:1.0.0-beta04] AndroidManifest.xml:25:9-27:40
246            android:name="androidx.window.extensions"
246-->[androidx.window:window:1.0.0-beta04] AndroidManifest.xml:26:13-54
247            android:required="false" />
247-->[androidx.window:window:1.0.0-beta04] AndroidManifest.xml:27:13-37
248        <uses-library
248-->[androidx.window:window:1.0.0-beta04] AndroidManifest.xml:28:9-30:40
249            android:name="androidx.window.sidecar"
249-->[androidx.window:window:1.0.0-beta04] AndroidManifest.xml:29:13-51
250            android:required="false" />
250-->[androidx.window:window:1.0.0-beta04] AndroidManifest.xml:30:13-37
251
252        <meta-data
252-->[com.google.android.gms:play-services-basement:18.1.0] AndroidManifest.xml:21:9-23:69
253            android:name="com.google.android.gms.version"
253-->[com.google.android.gms:play-services-basement:18.1.0] AndroidManifest.xml:22:13-58
254            android:value="@integer/google_play_services_version" />
254-->[com.google.android.gms:play-services-basement:18.1.0] AndroidManifest.xml:23:13-66
255    </application>
256
257</manifest>